Nailytics/app/build/intermediates 2/manifest_merge_blame_file/debug/processDebugMainManifest/manifest-merger-blame-debug-report.txt
1<?xml version="1.0" encoding="utf-8"?>
2<manifest xmlns:android="http://schemas.android.com/apk/res/android"
3    package="com.example.nailytics"
4    android:versionCode="1"
5    android:versionName="1.0" >
6
7    <uses-sdk
8        android:minSdkVersion="24"
9        android:targetSdkVersion="36" />
10
11    <!-- Permissions used by the SDK -->
12    <uses-permission android:name="android.permission.ACCESS_NETWORK_STATE" />
12-->[com.nixsensor:universalsdk:4.2.3] AndroidManifest.xml:9:5-79
12-->[com.nixsensor:universalsdk:4.2.3] AndroidManifest.xml:9:22-76
13    <uses-permission android:name="android.permission.INTERNET" />
13-->[com.nixsensor:universalsdk:4.2.3] AndroidManifest.xml:10:5-67
13-->[com.nixsensor:universalsdk:4.2.3] AndroidManifest.xml:10:22-64
14    <uses-permission android:name="android.permission.BLUETOOTH" />
14-->[com.nixsensor:universalsdk:4.2.3] AndroidManifest.xml:11:5-68
14-->[com.nixsensor:universalsdk:4.2.3] AndroidManifest.xml:11:22-65
15    <uses-permission android:name="android.permission.BLUETOOTH_ADMIN" /> <!-- Additional permissions needed for Bluetooth on Android 11 and lower -->
15-->[com.nixsensor:universalsdk:4.2.3] AndroidManifest.xml:12:5-74
15-->[com.nixsensor:universalsdk:4.2.3] AndroidManifest.xml:12:22-71
16    <uses-permission android:name="android.permission.ACCESS_COARSE_LOCATION" />
16-->[com.nixsensor:universalsdk:4.2.3] AndroidManifest.xml:15:5-81
16-->[com.nixsensor:universalsdk:4.2.3] AndroidManifest.xml:15:22-78
17    <uses-permission android:name="android.permission.ACCESS_FINE_LOCATION" /> <!-- Additional permissions needed for Bluetooth on Android 12 and above -->
17-->[com.nixsensor:universalsdk:4.2.3] AndroidManifest.xml:16:5-79
17-->[com.nixsensor:universalsdk:4.2.3] AndroidManifest.xml:16:22-76
18    <uses-permission android:name="android.permission.BLUETOOTH_CONNECT" />
18-->[com.nixsensor:universalsdk:4.2.3] AndroidManifest.xml:19:5-76
18-->[com.nixsensor:universalsdk:4.2.3] AndroidManifest.xml:19:22-73
19    <uses-permission
19-->[com.nixsensor:universalsdk:4.2.3] AndroidManifest.xml:20:5-23:31
20        android:name="android.permission.BLUETOOTH_SCAN"
20-->[com.nixsensor:universalsdk:4.2.3] AndroidManifest.xml:21:9-57
21        android:usesPermissionFlags="neverForLocation" />
21-->[com.nixsensor:universalsdk:4.2.3] AndroidManifest.xml:22:9-55
22
23    <permission
23-->[androidx.core:core:1.13.1] AndroidManifest.xml:22:5-24:47
24        android:name="com.example.nailytics.DYNAMIC_RECEIVER_NOT_EXPORTED_PERMISSION"
24-->[androidx.core:core:1.13.1] AndroidManifest.xml:23:9-81
25        android:protectionLevel="signature" />
25-->[androidx.core:core:1.13.1] AndroidManifest.xml:24:9-44
26
27    <uses-permission android:name="com.example.nailytics.DYNAMIC_RECEIVER_NOT_EXPORTED_PERMISSION" />
27-->[androidx.core:core:1.13.1] AndroidManifest.xml:26:5-97
27-->[androidx.core:core:1.13.1] AndroidManifest.xml:26:22-94
28
29    <application
29-->src/main/AndroidManifest.xml:5:5-124:19
30        android:name="com.example.nailytics.NailyticsApp"
30-->src/main/AndroidManifest.xml:6:9-37
31        android:allowBackup="true"
31-->src/main/AndroidManifest.xml:7:9-35
32        android:appComponentFactory="androidx.core.app.CoreComponentFactory"
32-->[androidx.core:core:1.13.1] AndroidManifest.xml:28:18-86
33        android:dataExtractionRules="@xml/data_extraction_rules"
33-->src/main/AndroidManifest.xml:8:9-65
34        android:debuggable="true"
35        android:extractNativeLibs="false"
36        android:fullBackupContent="@xml/backup_rules"
36-->src/main/AndroidManifest.xml:9:9-54
37        android:icon="@mipmap/hero_image"
37-->src/main/AndroidManifest.xml:10:9-42
38        android:label="@string/app_name"
38-->src/main/AndroidManifest.xml:11:9-41
39        android:roundIcon="@mipmap/ic_launcher_round"
39-->src/main/AndroidManifest.xml:12:9-54
40        android:supportsRtl="true"
40-->src/main/AndroidManifest.xml:13:9-35
41        android:theme="@style/Theme.Nailytics" >
41-->src/main/AndroidManifest.xml:14:9-47
42        <activity
42-->src/main/AndroidManifest.xml:17:9-29:20
43            android:name="com.example.nailytics.Main1_Activity"
43-->src/main/AndroidManifest.xml:18:13-43
44            android:exported="true"
44-->src/main/AndroidManifest.xml:19:13-36
45            android:label="@string/app_name"
45-->src/main/AndroidManifest.xml:20:13-45
46            android:theme="@style/Theme.Nailytics" >
46-->src/main/AndroidManifest.xml:21:13-51
47
48            <!-- The Activity with this part is the first screen that opens -->
49            <intent-filter>
49-->src/main/AndroidManifest.xml:24:13-28:29
50                <action android:name="android.intent.action.MAIN" />
50-->src/main/AndroidManifest.xml:25:17-69
50-->src/main/AndroidManifest.xml:25:25-66
51
52                <category android:name="android.intent.category.LAUNCHER" />
52-->src/main/AndroidManifest.xml:27:17-77
52-->src/main/AndroidManifest.xml:27:27-74
53            </intent-filter>
54        </activity>
55        <activity
55-->src/main/AndroidManifest.xml:31:9-35:20
56            android:name="com.example.nailytics.Main2_Searching_For_Nix_Activity"
56-->src/main/AndroidManifest.xml:32:13-61
57            android:exported="true"
57-->src/main/AndroidManifest.xml:33:13-36
58            android:theme="@style/Theme.Nailytics" >
58-->src/main/AndroidManifest.xml:34:13-51
59        </activity>
60        <activity
60-->src/main/AndroidManifest.xml:37:9-41:20
61            android:name="com.example.nailytics.Main3_Changing_Colors_Activity"
61-->src/main/AndroidManifest.xml:38:13-59
62            android:exported="true"
62-->src/main/AndroidManifest.xml:39:13-36
63            android:theme="@style/Theme.Nailytics" >
63-->src/main/AndroidManifest.xml:40:13-51
64        </activity>
65        <activity
65-->src/main/AndroidManifest.xml:43:9-47:20
66            android:name="com.example.nailytics.Main4_Choosing_Nix_Device_Activity"
66-->src/main/AndroidManifest.xml:44:13-63
67            android:exported="true"
67-->src/main/AndroidManifest.xml:45:13-36
68            android:theme="@style/Theme.Nailytics" >
68-->src/main/AndroidManifest.xml:46:13-51
69        </activity>
70        <activity
70-->src/main/AndroidManifest.xml:49:9-53:20
71            android:name="com.example.nailytics.Main5_Analyze_Color_Activity"
71-->src/main/AndroidManifest.xml:50:13-57
72            android:exported="true"
72-->src/main/AndroidManifest.xml:51:13-36
73            android:theme="@style/Theme.Nailytics" >
73-->src/main/AndroidManifest.xml:52:13-51
74        </activity>
75        <activity
75-->src/main/AndroidManifest.xml:55:9-59:20
76            android:name="com.example.nailytics.Main6_Results_Activity"
76-->src/main/AndroidManifest.xml:56:13-51
77            android:exported="true"
77-->src/main/AndroidManifest.xml:57:13-36
78            android:theme="@style/Theme.Nailytics" >
78-->src/main/AndroidManifest.xml:58:13-51
79        </activity>
80        <activity
80-->src/main/AndroidManifest.xml:61:9-65:20
81            android:name="com.example.nailytics.Summary_Main_Activity"
81-->src/main/AndroidManifest.xml:62:13-50
82            android:exported="true"
82-->src/main/AndroidManifest.xml:63:13-36
83            android:theme="@style/Theme.Nailytics" >
83-->src/main/AndroidManifest.xml:64:13-51
84        </activity>
85        <activity
85-->src/main/AndroidManifest.xml:67:9-71:20
86            android:name="com.example.nailytics.Summary_Pattern_Activity"
86-->src/main/AndroidManifest.xml:68:13-53
87            android:exported="true"
87-->src/main/AndroidManifest.xml:69:13-36
88            android:theme="@style/Theme.Nailytics" >
88-->src/main/AndroidManifest.xml:70:13-51
89        </activity>
90        <activity
90-->src/main/AndroidManifest.xml:74:9-78:20
91            android:name="com.example.nailytics.Profile1_Main_Activity"
91-->src/main/AndroidManifest.xml:75:13-51
92            android:exported="true"
92-->src/main/AndroidManifest.xml:76:13-36
93            android:theme="@style/Theme.Nailytics" >
93-->src/main/AndroidManifest.xml:77:13-51
94        </activity>
95        <activity
95-->src/main/AndroidManifest.xml:80:9-84:20
96            android:name="com.example.nailytics.Profile2_Login_Activity"
96-->src/main/AndroidManifest.xml:81:13-52
97            android:exported="true"
97-->src/main/AndroidManifest.xml:82:13-36
98            android:theme="@style/Theme.Nailytics" >
98-->src/main/AndroidManifest.xml:83:13-51
99        </activity>
100        <activity
100-->src/main/AndroidManifest.xml:86:9-90:20
101            android:name="com.example.nailytics.Profile3_Name_Activity"
101-->src/main/AndroidManifest.xml:87:13-51
102            android:exported="true"
102-->src/main/AndroidManifest.xml:88:13-36
103            android:theme="@style/Theme.Nailytics" >
103-->src/main/AndroidManifest.xml:89:13-51
104        </activity>
105        <activity
105-->src/main/AndroidManifest.xml:92:9-96:20
106            android:name="com.example.nailytics.Profile4_Bday_Activity"
106-->src/main/AndroidManifest.xml:93:13-51
107            android:exported="true"
107-->src/main/AndroidManifest.xml:94:13-36
108            android:theme="@style/Theme.Nailytics" >
108-->src/main/AndroidManifest.xml:95:13-51
109        </activity>
110        <activity
110-->src/main/AndroidManifest.xml:98:9-102:20
111            android:name="com.example.nailytics.Profile5_Gender_Activity"
111-->src/main/AndroidManifest.xml:99:13-53
112            android:exported="true"
112-->src/main/AndroidManifest.xml:100:13-36
113            android:theme="@style/Theme.Nailytics" >
113-->src/main/AndroidManifest.xml:101:13-51
114        </activity>
115        <activity
115-->src/main/AndroidManifest.xml:104:9-108:20
116            android:name="com.example.nailytics.Profile6_Gender_Self_Describe_Activity"
116-->src/main/AndroidManifest.xml:105:13-67
117            android:exported="true"
117-->src/main/AndroidManifest.xml:106:13-36
118            android:theme="@style/Theme.Nailytics" >
118-->src/main/AndroidManifest.xml:107:13-51
119        </activity>
120        <activity
120-->src/main/AndroidManifest.xml:110:9-114:20
121            android:name="com.example.nailytics.Profile7_Email_Activity"
121-->src/main/AndroidManifest.xml:111:13-52
122            android:exported="true"
122-->src/main/AndroidManifest.xml:112:13-36
123            android:theme="@style/Theme.Nailytics" >
123-->src/main/AndroidManifest.xml:113:13-51
124        </activity>
125        <activity
125-->src/main/AndroidManifest.xml:116:9-120:20
126            android:name="com.example.nailytics.Profile8_BMI_Activity"
126-->src/main/AndroidManifest.xml:117:13-50
127            android:exported="true"
127-->src/main/AndroidManifest.xml:118:13-36
128            android:theme="@style/Theme.Nailytics" >
128-->src/main/AndroidManifest.xml:119:13-51
129        </activity>
130
131        <service
131-->[com.nixsensor:universalsdk:4.2.3] AndroidManifest.xml:26:9-28:38
132            android:name="com.nixsensor.universalsdk.internal.BluetoothLeService"
132-->[com.nixsensor:universalsdk:4.2.3] AndroidManifest.xml:27:13-82
133            android:enabled="true" />
133-->[com.nixsensor:universalsdk:4.2.3] AndroidManifest.xml:28:13-35
134        <service
134-->[com.nixsensor:universalsdk:4.2.3] AndroidManifest.xml:29:9-31:38
135            android:name="com.nixsensor.universalsdk.internal.SerialService"
135-->[com.nixsensor:universalsdk:4.2.3] AndroidManifest.xml:30:13-77
136            android:enabled="true" />
136-->[com.nixsensor:universalsdk:4.2.3] AndroidManifest.xml:31:13-35
137
138        <activity
138-->[androidx.compose.ui:ui-tooling-android:1.7.0] AndroidManifest.xml:23:9-25:39
139            android:name="androidx.compose.ui.tooling.PreviewActivity"
139-->[androidx.compose.ui:ui-tooling-android:1.7.0] AndroidManifest.xml:24:13-71
140            android:exported="true" />
140-->[androidx.compose.ui:ui-tooling-android:1.7.0] AndroidManifest.xml:25:13-36
141        <activity
141-->[androidx.compose.ui:ui-test-manifest:1.7.0] AndroidManifest.xml:23:9-25:39
142            android:name="androidx.activity.ComponentActivity"
142-->[androidx.compose.ui:ui-test-manifest:1.7.0] AndroidManifest.xml:24:13-63
143            android:exported="true" />
143-->[androidx.compose.ui:ui-test-manifest:1.7.0] AndroidManifest.xml:25:13-36
144
145        <provider
145-->[androidx.emoji2:emoji2:1.3.0] AndroidManifest.xml:24:9-32:20
146            android:name="androidx.startup.InitializationProvider"
146-->[androidx.emoji2:emoji2:1.3.0] AndroidManifest.xml:25:13-67
147            android:authorities="com.example.nailytics.androidx-startup"
147-->[androidx.emoji2:emoji2:1.3.0] AndroidManifest.xml:26:13-68
148            android:exported="false" >
148-->[androidx.emoji2:emoji2:1.3.0] AndroidManifest.xml:27:13-37
149            <meta-data
149-->[androidx.emoji2:emoji2:1.3.0] AndroidManifest.xml:29:13-31:52
150                android:name="androidx.emoji2.text.EmojiCompatInitializer"
150-->[androidx.emoji2:emoji2:1.3.0] AndroidManifest.xml:30:17-75
151                android:value="androidx.startup" />
151-->[androidx.emoji2:emoji2:1.3.0] AndroidManifest.xml:31:17-49
152            <meta-data
152-->[androidx.lifecycle:lifecycle-process:2.8.3] AndroidManifest.xml:29:13-31:52
153                android:name="androidx.lifecycle.ProcessLifecycleInitializer"
153-->[androidx.lifecycle:lifecycle-process:2.8.3] AndroidManifest.xml:30:17-78
154                android:value="androidx.startup" />
154-->[androidx.lifecycle:lifecycle-process:2.8.3] AndroidManifest.xml:31:17-49
155            <meta-data
155-->[androidx.profileinstaller:profileinstaller:1.4.0] AndroidManifest.xml:29:13-31:52
156                android:name="androidx.profileinstaller.ProfileInstallerInitializer"
156-->[androidx.profileinstaller:profileinstaller:1.4.0] AndroidManifest.xml:30:17-85
157                android:value="androidx.startup" />
157-->[androidx.profileinstaller:profileinstaller:1.4.0] AndroidManifest.xml:31:17-49
158        </provider>
159
160        <receiver
160-->[androidx.profileinstaller:profileinstaller:1.4.0] AndroidManifest.xml:34:9-52:20
161            android:name="androidx.profileinstaller.ProfileInstallReceiver"
161-->[androidx.profileinstaller:profileinstaller:1.4.0] AndroidManifest.xml:35:13-76
162            android:directBootAware="false"
162-->[androidx.profileinstaller:profileinstaller:1.4.0] AndroidManifest.xml:36:13-44
163            android:enabled="true"
163-->[androidx.profileinstaller:profileinstaller:1.4.0] AndroidManifest.xml:37:13-35
164            android:exported="true"
164-->[androidx.profileinstaller:profileinstaller:1.4.0] AndroidManifest.xml:38:13-36
165            android:permission="android.permission.DUMP" >
165-->[androidx.profileinstaller:profileinstaller:1.4.0] AndroidManifest.xml:39:13-57
166            <intent-filter>
166-->[androidx.profileinstaller:profileinstaller:1.4.0] AndroidManifest.xml:40:13-42:29
167                <action android:name="androidx.profileinstaller.action.INSTALL_PROFILE" />
167-->[androidx.profileinstaller:profileinstaller:1.4.0] AndroidManifest.xml:41:17-91
167-->[androidx.profileinstaller:profileinstaller:1.4.0] AndroidManifest.xml:41:25-88
168            </intent-filter>
169            <intent-filter>
169-->[androidx.profileinstaller:profileinstaller:1.4.0] AndroidManifest.xml:43:13-45:29
170                <action android:name="androidx.profileinstaller.action.SKIP_FILE" />
170-->[androidx.profileinstaller:profileinstaller:1.4.0] AndroidManifest.xml:44:17-85
170-->[androidx.profileinstaller:profileinstaller:1.4.0] AndroidManifest.xml:44:25-82
171            </intent-filter>
172            <intent-filter>
172-->[androidx.profileinstaller:profileinstaller:1.4.0] AndroidManifest.xml:46:13-48:29
173                <action android:name="androidx.profileinstaller.action.SAVE_PROFILE" />
173-->[androidx.profileinstaller:profileinstaller:1.4.0] AndroidManifest.xml:47:17-88
173-->[androidx.profileinstaller:profileinstaller:1.4.0] AndroidManifest.xml:47:25-85
174            </intent-filter>
175            <intent-filter>
175-->[androidx.profileinstaller:profileinstaller:1.4.0] AndroidManifest.xml:49:13-51:29
176                <action android:name="androidx.profileinstaller.action.BENCHMARK_OPERATION" />
176-->[androidx.profileinstaller:profileinstaller:1.4.0] AndroidManifest.xml:50:17-95
176-->[androidx.profileinstaller:profileinstaller:1.4.0] AndroidManifest.xml:50:25-92
177            </intent-filter>
178        </receiver>
179    </application>
180
181</manifest>